\BOOKMARK [1][-]{section.1}{Introduction}{}% 1
\BOOKMARK [1][-]{section.2}{Preliminaries}{}% 2
\BOOKMARK [2][-]{subsection.2.1}{General framework}{section.2}% 3
\BOOKMARK [1][-]{section.3}{Methology}{}% 4
\BOOKMARK [2][-]{subsection.3.1}{Language Understanding And Generation}{section.3}% 5
\BOOKMARK [3][-]{subsubsection.3.1.1}{Large Attention Language Model}{subsection.3.1}% 6
\BOOKMARK [3][-]{subsubsection.3.1.2}{Autonomous Language Generation Control}{subsection.3.1}% 7
\BOOKMARK [3][-]{subsubsection.3.1.3}{Knowledge Graph}{subsection.3.1}% 8
\BOOKMARK [2][-]{subsection.3.2}{Speech Modality}{section.3}% 9
\BOOKMARK [3][-]{subsubsection.3.2.1}{Inputs}{subsection.3.2}% 10
\BOOKMARK [3][-]{subsubsection.3.2.2}{Outputs}{subsection.3.2}% 11
\BOOKMARK [1][-]{section.4}{Experiments}{}% 12
\BOOKMARK [2][-]{subsubsection.4.0.1}{Setup}{section.4}% 13
\BOOKMARK [3][-]{subsubsection.4.0.2}{Hyperparameters}{subsubsection.4.0.1}% 14
\BOOKMARK [3][-]{subsubsection.4.0.3}{Evaluation}{subsubsection.4.0.1}% 15
\BOOKMARK [1][-]{section.5}{Results}{}% 16
\BOOKMARK [1][-]{section.6}{Discussion}{}% 17
\BOOKMARK [1][-]{section.7}{Related work}{}% 18
\BOOKMARK [1][-]{section.8}{Conclusion}{}% 19
\BOOKMARK [1][-]{section.9}{Acknowledgments}{}% 20
\BOOKMARK [1][-]{section.10}{References}{}% 21
\BOOKMARK [1][-]{appendix.A}{Appendix}{}% 22
